Using pre-set license
Built from '2022.3/china_unity/release' branch; Version is '2022.3.62f3c1 (1623fc0bbb97) revision 1451004'; Using compiler version '192829333'; Build Type 'Release'
OS: 'Windows 11  (10.0.26200) 64bit CoreCountrySpecific' Language: 'zh' Physical Memory: 32253 MB
BatchMode: 1, IsHumanControllingUs: 0, StartBugReporterOnCrash: 0, Is64bit: 1, IsPro: 1

COMMAND LINE ARGUMENTS:
D:\Unity\Editor\2022.3.62f3c1\Editor\Unity.exe
-adb2
-batchMode
-noUpm
-name
AssetImportWorker3
-projectPath
D:/yoyormData/MyGame/SpaceShip_DEMO
-logFile
Logs/AssetImportWorker3.log
-srvPort
54743
Successfully changed project path to: D:/yoyormData/MyGame/SpaceShip_DEMO
D:/yoyormData/MyGame/SpaceShip_DEMO
[UnityMemory] Configuration Parameters - Can be set up in boot.config
    "memorysetup-bucket-allocator-granularity=16"
    "memorysetup-bucket-allocator-bucket-count=8"
    "memorysetup-bucket-allocator-block-size=33554432"
    "memorysetup-bucket-allocator-block-count=8"
    "memorysetup-main-allocator-block-size=16777216"
    "memorysetup-thread-allocator-block-size=16777216"
    "memorysetup-gfx-main-allocator-block-size=16777216"
    "memorysetup-gfx-thread-allocator-block-size=16777216"
    "memorysetup-cache-allocator-block-size=4194304"
    "memorysetup-typetree-allocator-block-size=2097152"
    "memorysetup-profiler-bucket-allocator-granularity=16"
    "memorysetup-profiler-bucket-allocator-bucket-count=8"
    "memorysetup-profiler-bucket-allocator-block-size=33554432"
    "memorysetup-profiler-bucket-allocator-block-count=8"
    "memorysetup-profiler-allocator-block-size=16777216"
    "memorysetup-profiler-editor-allocator-block-size=1048576"
    "memorysetup-temp-allocator-size-main=16777216"
    "memorysetup-job-temp-allocator-block-size=2097152"
    "memorysetup-job-temp-allocator-block-size-background=1048576"
    "memorysetup-job-temp-allocator-reduction-small-platforms=262144"
    "memorysetup-allocator-temp-initial-block-size-main=262144"
    "memorysetup-allocator-temp-initial-block-size-worker=262144"
    "memorysetup-temp-allocator-size-background-worker=32768"
    "memorysetup-temp-allocator-size-job-worker=262144"
    "memorysetup-temp-allocator-size-preload-manager=33554432"
    "memorysetup-temp-allocator-size-nav-mesh-worker=65536"
    "memorysetup-temp-allocator-size-audio-worker=65536"
    "memorysetup-temp-allocator-size-cloud-worker=32768"
    "memorysetup-temp-allocator-size-gi-baking-worker=262144"
    "memorysetup-temp-allocator-size-gfx=262144"
Player connection [22068]  Target information:

Player connection [22068]  * "[IP] 192.168.1.19 [Port] 0 [Flags] 2 [Guid] 255482719 [EditorId] 255482719 [Version] 1048832 [Id] WindowsEditor(7,Yoyorm-LapTop) [Debug] 1 [PackageName] WindowsEditor [ProjectName] Editor" 

Player connection [22068] Host joined multi-casting on [225.0.0.222:54997]...
Player connection [22068] Host joined alternative multi-casting on [225.0.0.222:34997]...
Input System module state changed to: Initialized.
[PhysX] Initialized MultithreadedTaskDispatcher with 14 workers.
The Editor does not support 32-bit plugins. Assets/NGUI/Editor/x86/FreeType.dylib will not be available.
Refreshing native plugins compatible for Editor in 15.17 ms, found 4 plugins.
Preloading 0 native plugins for Editor in 0.00 ms.
Initialize engine version: 2022.3.62f3c1 (1623fc0bbb97)
[Subsystems] Discovering subsystems at path D:/Unity/Editor/2022.3.62f3c1/Editor/Data/Resources/UnitySubsystems
[Subsystems] Discovering subsystems at path D:/yoyormData/MyGame/SpaceShip_DEMO/Assets
GfxDevice: creating device client; threaded=0; jobified=0
Direct3D:
    Version:  Direct3D 11.0 [level 11.1]
    Renderer: Intel(R) Arc(TM) 130T GPU (16GB) (ID=0x7d51)
    Vendor:   Intel
    VRAM:     18384 MB
    Driver:   32.0.101.7026
Initialize mono
Mono path[0] = 'D:/Unity/Editor/2022.3.62f3c1/Editor/Data/Managed'
Mono path[1] = 'D:/Unity/Editor/2022.3.62f3c1/Editor/Data/MonoBleedingEdge/lib/mono/unityjit-win32'
Mono config path = 'D:/Unity/Editor/2022.3.62f3c1/Editor/Data/MonoBleedingEdge/etc'
Using monoOptions --debugger-agent=transport=dt_socket,embedding=1,server=y,suspend=n,address=127.0.0.1:56828
Begin MonoManager ReloadAssembly
Registering precompiled unity dll's ...
Register platform support module: D:/Unity/Editor/2022.3.62f3c1/Editor/Data/PlaybackEngines/WindowsStandaloneSupport/UnityEditor.WindowsStandalone.Extensions.dll
Registered in 0.005192 seconds.
- Loaded All Assemblies, in  0.250 seconds
Native extension for WindowsStandalone target not found
Mono: successfully reloaded assembly
- Finished resetting the current domain, in  0.178 seconds
Domain Reload Profiling: 429ms
	BeginReloadAssembly (83ms)
		ExecutionOrderSort (0ms)
		DisableScriptedObjects (0ms)
		BackupInstance (0ms)
		ReleaseScriptingObjects (0ms)
		CreateAndSetChildDomain (1ms)
	RebuildCommonClasses (27ms)
	RebuildNativeTypeToScriptingClass (7ms)
	initialDomainReloadingComplete (41ms)
	LoadAllAssembliesAndSetupDomain (92ms)
		LoadAssemblies (83ms)
		RebuildTransferFunctionScriptingTraits (0ms)
		AnalyzeDomain (90ms)
			TypeCache.Refresh (89ms)
				TypeCache.ScanAssembly (79ms)
			ScanForSourceGeneratedMonoScriptInfo (0ms)
			ResolveRequiredComponents (0ms)
	FinalizeReload (179ms)
		ReleaseScriptCaches (0ms)
		RebuildScriptCaches (0ms)
		SetupLoadedEditorAssemblies (148ms)
			LogAssemblyErrors (0ms)
			InitializePlatformSupportModulesInManaged (7ms)
			SetLoadedEditorAssemblies (6ms)
			RefreshPlugins (0ms)
			BeforeProcessingInitializeOnLoad (2ms)
			ProcessInitializeOnLoadAttributes (98ms)
			ProcessInitializeOnLoadMethodAttributes (35ms)
			AfterProcessingInitializeOnLoad (0ms)
			EditorAssembliesLoaded (0ms)
		ExecutionOrderSort2 (0ms)
		AwakeInstancesAfterBackupRestoration (0ms)
========================================================================
Worker process is ready to serve import requests
Caller must complete domain reload
Begin MonoManager ReloadAssembly
- Loaded All Assemblies, in  0.449 seconds
Native extension for WindowsStandalone target not found
Mono: successfully reloaded assembly
- Finished resetting the current domain, in  0.446 seconds
Domain Reload Profiling: 895ms
	BeginReloadAssembly (110ms)
		ExecutionOrderSort (0ms)
		DisableScriptedObjects (3ms)
		BackupInstance (0ms)
		ReleaseScriptingObjects (0ms)
		CreateAndSetChildDomain (16ms)
	RebuildCommonClasses (22ms)
	RebuildNativeTypeToScriptingClass (7ms)
	initialDomainReloadingComplete (26ms)
	LoadAllAssembliesAndSetupDomain (285ms)
		LoadAssemblies (228ms)
		RebuildTransferFunctionScriptingTraits (0ms)
		AnalyzeDomain (125ms)
			TypeCache.Refresh (109ms)
				TypeCache.ScanAssembly (99ms)
			ScanForSourceGeneratedMonoScriptInfo (10ms)
			ResolveRequiredComponents (4ms)
	FinalizeReload (446ms)
		ReleaseScriptCaches (0ms)
		RebuildScriptCaches (0ms)
		SetupLoadedEditorAssemblies (347ms)
			LogAssemblyErrors (0ms)
			InitializePlatformSupportModulesInManaged (4ms)
			SetLoadedEditorAssemblies (4ms)
			RefreshPlugins (0ms)
			BeforeProcessingInitializeOnLoad (52ms)
			ProcessInitializeOnLoadAttributes (271ms)
			ProcessInitializeOnLoadMethodAttributes (15ms)
			AfterProcessingInitializeOnLoad (1ms)
			EditorAssembliesLoaded (0ms)
		ExecutionOrderSort2 (0ms)
		AwakeInstancesAfterBackupRestoration (6ms)
Launched and connected shader compiler UnityShaderCompiler.exe after 0.04 seconds
The Editor does not support 32-bit plugins. Assets/NGUI/Editor/x86/FreeType.dylib will not be available.
Refreshing native plugins compatible for Editor in 2.22 ms, found 4 plugins.
Preloading 0 native plugins for Editor in 0.00 ms.
Unloading 3576 Unused Serialized files (Serialized files now loaded: 0)
Unloading 19 unused Assets / (55.4 KB). Loaded Objects now: 4055.
Memory consumption went from 140.8 MB to 140.8 MB.
Total: 2.103600 ms (FindLiveObjects: 0.222200 ms CreateObjectMapping: 0.051800 ms MarkObjects: 1.737300 ms  DeleteObjects: 0.090300 ms)

AssetImportParameters requested are different than current active one (requested -> active):
  custom:container-demuxer-ogg: 62fdf1f143b41e24485cea50d1cbac27 -> 
  custom:video-codec-MediaFoundation-h265: 746d11721c4dcdbdad8f713fa42b33f4 -> 
  custom:video-decoder-ogg-theora: a1e56fd34408186e4bbccfd4996cb3dc -> 
  custom:framework-win-MediaFoundation: 216162199b28c13a410421893ffa2e32 -> 
  custom:CustomObjectIndexerAttribute: 9a22284fe3817be447336de3de66b15e -> 
  custom:container-demuxer-webm: 4f35f7cbe854078d1ac9338744f61a02 -> 
  custom:container-muxer-webm: aa71ff27fc2769a1b78a27578f13a17b -> 
  custom:video-decoder-webm-vp8: 9c59270c3fd7afecdb556c50c9e8de78 -> 
  custom:SearchIndexIgnoredProperties: e643bd26f0fe6173181afceb89e7c659 -> 
  custom:AudioImporter_EditorPlatform: d09bf68614088b80899f8185d706f6e7 -> 
  custom:video-encoder-webm-vp8: eb34c28f22e8b96e1ab97ce403110664 -> 
  custom:audio-decoder-ogg-vorbis: bf7c407c2cedff20999df2af8eb42d56 -> 
  custom:audio-encoder-webm-vorbis: bf7c407c2cedff20999df2af8eb42d56 -> 
========================================================================
Received Import Request.
  Time since last request: 246695.378869 seconds.
  path: Assets/ArtRes/BulletEff/MagicArsenal/Effects/Textures/aura06.png
  artifactKey: Guid(0ce2f05dd05fa0d468d864f5a1034dfc) Importer(815301076,1909f56bfc062723c751e8b465ee728b)
Start importing Assets/ArtRes/BulletEff/MagicArsenal/Effects/Textures/aura06.png using Guid(0ce2f05dd05fa0d468d864f5a1034dfc) Importer(815301076,1909f56bfc062723c751e8b465ee728b) [PhysX] Initialized MultithreadedTaskDispatcher with 14 workers.
[PhysX] Initialized MultithreadedTaskDispatcher with 14 workers.
 -> (artifact id: '9a18d53ed37c703a917eba37aa21b5da') in 0.046029 seconds
Number of updated asset objects reloaded before import = 0
Number of asset objects unloaded after import = 2
========================================================================
Received Import Request.
  Time since last request: 0.059751 seconds.
  path: Assets/ArtRes/BulletEff/MagicArsenal/Effects/Textures/aura_frost.png
  artifactKey: Guid(a17533b42a15e3a4693f5efc50fd37ba) Importer(815301076,1909f56bfc062723c751e8b465ee728b)
Start importing Assets/ArtRes/BulletEff/MagicArsenal/Effects/Textures/aura_frost.png using Guid(a17533b42a15e3a4693f5efc50fd37ba) Importer(815301076,1909f56bfc062723c751e8b465ee728b) [PhysX] Initialized MultithreadedTaskDispatcher with 14 workers.
[PhysX] Initialized MultithreadedTaskDispatcher with 14 workers.
 -> (artifact id: '7959c47c6d6bcfab4096826f7cd2677c') in 0.007591 seconds
Number of updated asset objects reloaded before import = 0
Number of asset objects unloaded after import = 2
========================================================================
Received Import Request.
  Time since last request: 7.010847 seconds.
  path: Assets/ArtRes/BulletEff/MagicArsenal/Effects/Textures/cleave_arcane.png
  artifactKey: Guid(02cb6c56ce5febd499b864a1a08fc0e2) Importer(815301076,1909f56bfc062723c751e8b465ee728b)
Start importing Assets/ArtRes/BulletEff/MagicArsenal/Effects/Textures/cleave_arcane.png using Guid(02cb6c56ce5febd499b864a1a08fc0e2) Importer(815301076,1909f56bfc062723c751e8b465ee728b) [PhysX] Initialized MultithreadedTaskDispatcher with 14 workers.
[PhysX] Initialized MultithreadedTaskDispatcher with 14 workers.
 -> (artifact id: '0a24326d84b3512e3e9352760f617094') in 0.007437 seconds
Number of updated asset objects reloaded before import = 0
Number of asset objects unloaded after import = 2
========================================================================
Received Import Request.
  Time since last request: 0.019539 seconds.
  path: Assets/ArtRes/BulletEff/MagicArsenal/Effects/Textures/Modular/cloudspatter.png
  artifactKey: Guid(0c8df9ac674a90142b3b6fc40bb9b95a) Importer(815301076,1909f56bfc062723c751e8b465ee728b)
Start importing Assets/ArtRes/BulletEff/MagicArsenal/Effects/Textures/Modular/cloudspatter.png using Guid(0c8df9ac674a90142b3b6fc40bb9b95a) Importer(815301076,1909f56bfc062723c751e8b465ee728b) [PhysX] Initialized MultithreadedTaskDispatcher with 14 workers.
[PhysX] Initialized MultithreadedTaskDispatcher with 14 workers.
 -> (artifact id: '718ce5c457f4608d8362abc7291d5b62') in 0.008072 seconds
Number of updated asset objects reloaded before import = 0
Number of asset objects unloaded after import = 2
========================================================================
Received Import Request.
  Time since last request: 0.000021 seconds.
  path: Assets/ArtRes/BulletEff/MagicArsenal/Demo/Scenes/Combined Scene/Walls/Combined Standard Mesh_DetailAlbedoMap.png
  artifactKey: Guid(7fa9937aa1ec5054284405fbfc05dec0) Importer(815301076,1909f56bfc062723c751e8b465ee728b)
Start importing Assets/ArtRes/BulletEff/MagicArsenal/Demo/Scenes/Combined Scene/Walls/Combined Standard Mesh_DetailAlbedoMap.png using Guid(7fa9937aa1ec5054284405fbfc05dec0) Importer(815301076,1909f56bfc062723c751e8b465ee728b) [PhysX] Initialized MultithreadedTaskDispatcher with 14 workers.
[PhysX] Initialized MultithreadedTaskDispatcher with 14 workers.
 -> (artifact id: '5c6386a53d1bebae3663153a55e92e8f') in 0.014360 seconds
Number of updated asset objects reloaded before import = 0
Number of asset objects unloaded after import = 2
========================================================================
Received Import Request.
  Time since last request: 0.000028 seconds.
  path: Assets/ArtRes/BulletEff/MagicArsenal/Demo/Scenes/Combined Scene/Walls/Combined Standard Mesh_DetailNormalMap.png
  artifactKey: Guid(e57cb995ce9ea634bacaa8bc425f9ef6) Importer(815301076,1909f56bfc062723c751e8b465ee728b)
Start importing Assets/ArtRes/BulletEff/MagicArsenal/Demo/Scenes/Combined Scene/Walls/Combined Standard Mesh_DetailNormalMap.png using Guid(e57cb995ce9ea634bacaa8bc425f9ef6) Importer(815301076,1909f56bfc062723c751e8b465ee728b) [PhysX] Initialized MultithreadedTaskDispatcher with 14 workers.
[PhysX] Initialized MultithreadedTaskDispatcher with 14 workers.
 -> (artifact id: 'e69b6f2f090121884efec71a7ae47040') in 0.034005 seconds
Number of updated asset objects reloaded before import = 0
Number of asset objects unloaded after import = 2
========================================================================
Received Import Request.
  Time since last request: 0.000037 seconds.
  path: Assets/NGUI/Editor/Preview/Control - Colored Popup List.png
  artifactKey: Guid(8a499e7c18f95184e9df7b63d375f25b) Importer(815301076,1909f56bfc062723c751e8b465ee728b)
Start importing Assets/NGUI/Editor/Preview/Control - Colored Popup List.png using Guid(8a499e7c18f95184e9df7b63d375f25b) Importer(815301076,1909f56bfc062723c751e8b465ee728b) [PhysX] Initialized MultithreadedTaskDispatcher with 14 workers.
[PhysX] Initialized MultithreadedTaskDispatcher with 14 workers.
 -> (artifact id: 'e82332195e1917e1c6f3a502383c7775') in 0.010031 seconds
Number of updated asset objects reloaded before import = 0
Number of asset objects unloaded after import = 2
========================================================================
Received Import Request.
  Time since last request: 0.000023 seconds.
  path: Assets/ArtRes/BulletEff/MagicArsenal/Effects/Textures/Modular/dust02.png
  artifactKey: Guid(fbbcfa0205cf43b43bbdf6378d3199bf) Importer(815301076,1909f56bfc062723c751e8b465ee728b)
Start importing Assets/ArtRes/BulletEff/MagicArsenal/Effects/Textures/Modular/dust02.png using Guid(fbbcfa0205cf43b43bbdf6378d3199bf) Importer(815301076,1909f56bfc062723c751e8b465ee728b) [PhysX] Initialized MultithreadedTaskDispatcher with 14 workers.
[PhysX] Initialized MultithreadedTaskDispatcher with 14 workers.
 -> (artifact id: 'b026c866f933b1385e439dc1aa54fcbe') in 0.007573 seconds
Number of updated asset objects reloaded before import = 0
Number of asset objects unloaded after import = 2
========================================================================
Received Import Request.
  Time since last request: 0.000142 seconds.
  path: Assets/ArtRes/BulletEff/MagicArsenal/Effects/Textures/Modular/droplets02.png
  artifactKey: Guid(542aa4adf6f76ba4b8cf9a43ad3121a8) Importer(815301076,1909f56bfc062723c751e8b465ee728b)
Start importing Assets/ArtRes/BulletEff/MagicArsenal/Effects/Textures/Modular/droplets02.png using Guid(542aa4adf6f76ba4b8cf9a43ad3121a8) Importer(815301076,1909f56bfc062723c751e8b465ee728b) [PhysX] Initialized MultithreadedTaskDispatcher with 14 workers.
[PhysX] Initialized MultithreadedTaskDispatcher with 14 workers.
 -> (artifact id: '359135790775fcf79506c3c36b13b8fd') in 0.013847 seconds
Number of updated asset objects reloaded before import = 0
Number of asset objects unloaded after import = 2
========================================================================
Received Import Request.
  Time since last request: 0.000120 seconds.
  path: Assets/ArtRes/BulletEff/MagicArsenal/Effects/Textures/Modular/droplets.png
  artifactKey: Guid(e1af5b1c3ed7ff041bba579189aa0125) Importer(815301076,1909f56bfc062723c751e8b465ee728b)
Start importing Assets/ArtRes/BulletEff/MagicArsenal/Effects/Textures/Modular/droplets.png using Guid(e1af5b1c3ed7ff041bba579189aa0125) Importer(815301076,1909f56bfc062723c751e8b465ee728b) [PhysX] Initialized MultithreadedTaskDispatcher with 14 workers.
[PhysX] Initialized MultithreadedTaskDispatcher with 14 workers.
 -> (artifact id: '7d5d0ed0443b414b673988bfdbdacc23') in 0.009814 seconds
Number of updated asset objects reloaded before import = 0
Number of asset objects unloaded after import = 2
========================================================================
Received Import Request.
  Time since last request: 0.000078 seconds.
  path: Assets/ArtRes/BulletEff/MagicArsenal/Effects/Textures/fire_star.png
  artifactKey: Guid(ad8abab54a741274fb713747864bd179) Importer(815301076,1909f56bfc062723c751e8b465ee728b)
Start importing Assets/ArtRes/BulletEff/MagicArsenal/Effects/Textures/fire_star.png using Guid(ad8abab54a741274fb713747864bd179) Importer(815301076,1909f56bfc062723c751e8b465ee728b) [PhysX] Initialized MultithreadedTaskDispatcher with 14 workers.
[PhysX] Initialized MultithreadedTaskDispatcher with 14 workers.
 -> (artifact id: '64134d54a434f28ee772a2250d1ba073') in 0.006888 seconds
Number of updated asset objects reloaded before import = 0
Number of asset objects unloaded after import = 2
========================================================================
Received Import Request.
  Time since last request: 0.000021 seconds.
  path: Assets/ArtRes/BulletEff/MagicArsenal/Effects/Textures/fire_ring.png
  artifactKey: Guid(7203fed567fe20343b5ca1cb3357cd90) Importer(815301076,1909f56bfc062723c751e8b465ee728b)
Start importing Assets/ArtRes/BulletEff/MagicArsenal/Effects/Textures/fire_ring.png using Guid(7203fed567fe20343b5ca1cb3357cd90) Importer(815301076,1909f56bfc062723c751e8b465ee728b) [PhysX] Initialized MultithreadedTaskDispatcher with 14 workers.
[PhysX] Initialized MultithreadedTaskDispatcher with 14 workers.
 -> (artifact id: '048e6f76dc1013ef7f730866327b371d') in 0.011908 seconds
Number of updated asset objects reloaded before import = 0
Number of asset objects unloaded after import = 2
========================================================================
Received Import Request.
  Time since last request: 0.000053 seconds.
  path: Assets/ArtRes/BulletEff/MagicArsenal/Effects/Textures/fire_flame.png
  artifactKey: Guid(eb66493ac5c39e94ab7c4d7a0773dc1f) Importer(815301076,1909f56bfc062723c751e8b465ee728b)
Start importing Assets/ArtRes/BulletEff/MagicArsenal/Effects/Textures/fire_flame.png using Guid(eb66493ac5c39e94ab7c4d7a0773dc1f) Importer(815301076,1909f56bfc062723c751e8b465ee728b) [PhysX] Initialized MultithreadedTaskDispatcher with 14 workers.
[PhysX] Initialized MultithreadedTaskDispatcher with 14 workers.
 -> (artifact id: '3acabd97178cf6c08814f9efe7a1b6ed') in 0.007918 seconds
Number of updated asset objects reloaded before import = 0
Number of asset objects unloaded after import = 2
========================================================================
Received Import Request.
  Time since last request: 0.000018 seconds.
  path: Assets/ArtRes/SkyEff/RFX_Resources/Galaxy/Texture/Galaxy_Smoke4.png
  artifactKey: Guid(fa0f36d2b05ce9545843d60da7cab85e) Importer(815301076,1909f56bfc062723c751e8b465ee728b)
Start importing Assets/ArtRes/SkyEff/RFX_Resources/Galaxy/Texture/Galaxy_Smoke4.png using Guid(fa0f36d2b05ce9545843d60da7cab85e) Importer(815301076,1909f56bfc062723c751e8b465ee728b) [PhysX] Initialized MultithreadedTaskDispatcher with 14 workers.
[PhysX] Initialized MultithreadedTaskDispatcher with 14 workers.
 -> (artifact id: 'c73504c6cf708dad444a57eaacb1efe3') in 0.006622 seconds
Number of updated asset objects reloaded before import = 0
Number of asset objects unloaded after import = 2
========================================================================
Received Import Request.
  Time since last request: 0.000053 seconds.
  path: Assets/ArtRes/SkyEff/RFX_Resources/Galaxy/Texture/Galaxy_StarDot1.png
  artifactKey: Guid(926dbf6320b12524d98157d00816f584) Importer(815301076,1909f56bfc062723c751e8b465ee728b)
Start importing Assets/ArtRes/SkyEff/RFX_Resources/Galaxy/Texture/Galaxy_StarDot1.png using Guid(926dbf6320b12524d98157d00816f584) Importer(815301076,1909f56bfc062723c751e8b465ee728b) [PhysX] Initialized MultithreadedTaskDispatcher with 14 workers.
[PhysX] Initialized MultithreadedTaskDispatcher with 14 workers.
 -> (artifact id: 'b7038ac73fcc1ef3cd4ed457206f6172') in 0.007643 seconds
Number of updated asset objects reloaded before import = 0
Number of asset objects unloaded after import = 2
========================================================================
Received Import Request.
  Time since last request: 0.000497 seconds.
  path: Assets/ArtRes/SkyEff/RFX_Resources/Galaxy/Texture/Galaxy_StarDot2.png
  artifactKey: Guid(5c9ff9ea6fd8dcd45b39afba81b8a277) Importer(815301076,1909f56bfc062723c751e8b465ee728b)
Start importing Assets/ArtRes/SkyEff/RFX_Resources/Galaxy/Texture/Galaxy_StarDot2.png using Guid(5c9ff9ea6fd8dcd45b39afba81b8a277) Importer(815301076,1909f56bfc062723c751e8b465ee728b) [PhysX] Initialized MultithreadedTaskDispatcher with 14 workers.
[PhysX] Initialized MultithreadedTaskDispatcher with 14 workers.
 -> (artifact id: '157a558b51707487d16ada403343f501') in 0.009017 seconds
Number of updated asset objects reloaded before import = 0
Number of asset objects unloaded after import = 2
========================================================================
Received Import Request.
  Time since last request: 0.000021 seconds.
  path: Assets/ArtRes/SkyEff/RFX_Resources/Galaxy/Texture/Galaxy_Center2.png
  artifactKey: Guid(5e6f8901a9999864cb922a643dbd4011) Importer(815301076,1909f56bfc062723c751e8b465ee728b)
Start importing Assets/ArtRes/SkyEff/RFX_Resources/Galaxy/Texture/Galaxy_Center2.png using Guid(5e6f8901a9999864cb922a643dbd4011) Importer(815301076,1909f56bfc062723c751e8b465ee728b) [PhysX] Initialized MultithreadedTaskDispatcher with 14 workers.
[PhysX] Initialized MultithreadedTaskDispatcher with 14 workers.
 -> (artifact id: '70a81b1abc8736467c4cc6579b706faf') in 0.011790 seconds
Number of updated asset objects reloaded before import = 0
Number of asset objects unloaded after import = 2
========================================================================
Received Import Request.
  Time since last request: 0.000022 seconds.
  path: Assets/ArtRes/BulletEff/MagicArsenal/Effects/Textures/Modular/glowsphere01.png
  artifactKey: Guid(54830856672e0e7458b7fa024200a1eb) Importer(815301076,1909f56bfc062723c751e8b465ee728b)
Start importing Assets/ArtRes/BulletEff/MagicArsenal/Effects/Textures/Modular/glowsphere01.png using Guid(54830856672e0e7458b7fa024200a1eb) Importer(815301076,1909f56bfc062723c751e8b465ee728b) [PhysX] Initialized MultithreadedTaskDispatcher with 14 workers.
[PhysX] Initialized MultithreadedTaskDispatcher with 14 workers.
 -> (artifact id: 'e353883db566eaca050cc151bc61e27f') in 0.010969 seconds
Number of updated asset objects reloaded before import = 0
Number of asset objects unloaded after import = 2
========================================================================
Received Import Request.
  Time since last request: 0.000029 seconds.
  path: Assets/ArtRes/BulletEff/MagicArsenal/Effects/Textures/Modular/glowspiky.png
  artifactKey: Guid(13109e2a7b1b9f94681c9752518d5f65) Importer(815301076,1909f56bfc062723c751e8b465ee728b)
Start importing Assets/ArtRes/BulletEff/MagicArsenal/Effects/Textures/Modular/glowspiky.png using Guid(13109e2a7b1b9f94681c9752518d5f65) Importer(815301076,1909f56bfc062723c751e8b465ee728b) [PhysX] Initialized MultithreadedTaskDispatcher with 14 workers.
[PhysX] Initialized MultithreadedTaskDispatcher with 14 workers.
 -> (artifact id: '12b3b3bea7b9132acd6e6a10a360a8a9') in 0.007149 seconds
Number of updated asset objects reloaded before import = 0
Number of asset objects unloaded after import = 2
========================================================================
Received Import Request.
  Time since last request: 0.000024 seconds.
  path: Assets/ArtRes/BulletEff/MagicArsenal/Effects/Textures/ground_light02.png
  artifactKey: Guid(e1204fcd2f5431346b903102d67ee6e1) Importer(815301076,1909f56bfc062723c751e8b465ee728b)
Start importing Assets/ArtRes/BulletEff/MagicArsenal/Effects/Textures/ground_light02.png using Guid(e1204fcd2f5431346b903102d67ee6e1) Importer(815301076,1909f56bfc062723c751e8b465ee728b) [PhysX] Initialized MultithreadedTaskDispatcher with 14 workers.
[PhysX] Initialized MultithreadedTaskDispatcher with 14 workers.
 -> (artifact id: '226087b839f7c11fff9fed137fd3b53b') in 0.006141 seconds
Number of updated asset objects reloaded before import = 0
Number of asset objects unloaded after import = 2
========================================================================
Received Import Request.
  Time since last request: 0.000020 seconds.
  path: Assets/ArtRes/BulletEff/MagicArsenal/Effects/Textures/ground_light03.png
  artifactKey: Guid(6a8d78cb95270dd45b35a1cf85ada012) Importer(815301076,1909f56bfc062723c751e8b465ee728b)
Start importing Assets/ArtRes/BulletEff/MagicArsenal/Effects/Textures/ground_light03.png using Guid(6a8d78cb95270dd45b35a1cf85ada012) Importer(815301076,1909f56bfc062723c751e8b465ee728b) [PhysX] Initialized MultithreadedTaskDispatcher with 14 workers.
[PhysX] Initialized MultithreadedTaskDispatcher with 14 workers.
 -> (artifact id: 'b2b9eb9de96fe0b44f853ce35fefffc0') in 0.005724 seconds
Number of updated asset objects reloaded before import = 0
Number of asset objects unloaded after import = 2
========================================================================
Received Import Request.
  Time since last request: 0.000019 seconds.
  path: Assets/ArtRes/BulletEff/MagicArsenal/Effects/Textures/ground_shadow.png
  artifactKey: Guid(1e1c5f4b6c5bd424e83b136678211c09) Importer(815301076,1909f56bfc062723c751e8b465ee728b)
Start importing Assets/ArtRes/BulletEff/MagicArsenal/Effects/Textures/ground_shadow.png using Guid(1e1c5f4b6c5bd424e83b136678211c09) Importer(815301076,1909f56bfc062723c751e8b465ee728b) [PhysX] Initialized MultithreadedTaskDispatcher with 14 workers.
[PhysX] Initialized MultithreadedTaskDispatcher with 14 workers.
 -> (artifact id: '4c584ddf86ee4bd1e6b0a426ccb98703') in 0.010528 seconds
Number of updated asset objects reloaded before import = 0
Number of asset objects unloaded after import = 2
========================================================================
Received Import Request.
  Time since last request: 0.000019 seconds.
  path: Assets/ArtRes/BulletEff/MagicArsenal/Effects/Textures/ground_storm.png
  artifactKey: Guid(e0c712e22f40b3142b12ea47d4854f54) Importer(815301076,1909f56bfc062723c751e8b465ee728b)
Start importing Assets/ArtRes/BulletEff/MagicArsenal/Effects/Textures/ground_storm.png using Guid(e0c712e22f40b3142b12ea47d4854f54) Importer(815301076,1909f56bfc062723c751e8b465ee728b) [PhysX] Initialized MultithreadedTaskDispatcher with 14 workers.
[PhysX] Initialized MultithreadedTaskDispatcher with 14 workers.
 -> (artifact id: '1dbd3bc57b15892f687b751bc7484c07') in 0.012076 seconds
Number of updated asset objects reloaded before import = 0
Number of asset objects unloaded after import = 2
========================================================================
Received Import Request.
  Time since last request: 0.000021 seconds.
  path: Assets/ArtRes/BulletEff/MagicArsenal/Effects/Textures/life_cloud.png
  artifactKey: Guid(4029c0f09d680fc4dabf1fe78488f7f0) Importer(815301076,1909f56bfc062723c751e8b465ee728b)
Start importing Assets/ArtRes/BulletEff/MagicArsenal/Effects/Textures/life_cloud.png using Guid(4029c0f09d680fc4dabf1fe78488f7f0) Importer(815301076,1909f56bfc062723c751e8b465ee728b) [PhysX] Initialized MultithreadedTaskDispatcher with 14 workers.
[PhysX] Initialized MultithreadedTaskDispatcher with 14 workers.
 -> (artifact id: 'ca8579b77da2695d63733c89f93fac45') in 0.007688 seconds
Number of updated asset objects reloaded before import = 0
Number of asset objects unloaded after import = 2
========================================================================
Received Import Request.
  Time since last request: 0.000020 seconds.
  path: Assets/ArtRes/BulletEff/MagicArsenal/Effects/Textures/life_drop.png
  artifactKey: Guid(f20d5a7360ef5d944b525bff8c31980b) Importer(815301076,1909f56bfc062723c751e8b465ee728b)
Start importing Assets/ArtRes/BulletEff/MagicArsenal/Effects/Textures/life_drop.png using Guid(f20d5a7360ef5d944b525bff8c31980b) Importer(815301076,1909f56bfc062723c751e8b465ee728b) [PhysX] Initialized MultithreadedTaskDispatcher with 14 workers.
[PhysX] Initialized MultithreadedTaskDispatcher with 14 workers.
 -> (artifact id: '2890b9eb7025cd0a32412bde22bc07f8') in 0.011136 seconds
Number of updated asset objects reloaded before import = 0
Number of asset objects unloaded after import = 2
========================================================================
Received Import Request.
  Time since last request: 0.005016 seconds.
  path: Assets/ArtRes/BulletEff/MagicArsenal/Effects/Textures/Trails/lifetrail.png
  artifactKey: Guid(9aea8bf79644b4e49b0a0be1cfbfab09) Importer(815301076,1909f56bfc062723c751e8b465ee728b)
Start importing Assets/ArtRes/BulletEff/MagicArsenal/Effects/Textures/Trails/lifetrail.png using Guid(9aea8bf79644b4e49b0a0be1cfbfab09) Importer(815301076,1909f56bfc062723c751e8b465ee728b) [PhysX] Initialized MultithreadedTaskDispatcher with 14 workers.
[PhysX] Initialized MultithreadedTaskDispatcher with 14 workers.
 -> (artifact id: '45d72e8b2affec01d85faf2b5bfb2372') in 0.006412 seconds
Number of updated asset objects reloaded before import = 0
Number of asset objects unloaded after import = 2
========================================================================
Received Import Request.
  Time since last request: 0.666969 seconds.
  path: Assets/ArtRes/BulletEff/MagicArsenal/Effects/Textures/light_sprinkles_old.png
  artifactKey: Guid(6aef3b8fc0196f5499f43e25fad79efb) Importer(815301076,1909f56bfc062723c751e8b465ee728b)
Start importing Assets/ArtRes/BulletEff/MagicArsenal/Effects/Textures/light_sprinkles_old.png using Guid(6aef3b8fc0196f5499f43e25fad79efb) Importer(815301076,1909f56bfc062723c751e8b465ee728b) [PhysX] Initialized MultithreadedTaskDispatcher with 14 workers.
[PhysX] Initialized MultithreadedTaskDispatcher with 14 workers.
 -> (artifact id: '92b3e97766641987af797fe837efa310') in 0.007489 seconds
Number of updated asset objects reloaded before import = 0
Number of asset objects unloaded after import = 2
========================================================================
Received Import Request.
  Time since last request: 2.150959 seconds.
  path: Assets/ArtRes/BulletEff/MagicArsenal/Effects/Textures/modular_aura01.png
  artifactKey: Guid(9a18cc733d4d04e46bc01613ff68a35f) Importer(815301076,1909f56bfc062723c751e8b465ee728b)
Start importing Assets/ArtRes/BulletEff/MagicArsenal/Effects/Textures/modular_aura01.png using Guid(9a18cc733d4d04e46bc01613ff68a35f) Importer(815301076,1909f56bfc062723c751e8b465ee728b) [PhysX] Initialized MultithreadedTaskDispatcher with 14 workers.
[PhysX] Initialized MultithreadedTaskDispatcher with 14 workers.
 -> (artifact id: 'b01c6814bb0db03cdb355662df2f6c46') in 0.010647 seconds
Number of updated asset objects reloaded before import = 0
Number of asset objects unloaded after import = 2
========================================================================
Received Import Request.
  Time since last request: 54.227478 seconds.
  path: Assets/ArtRes/BulletEff/MagicArsenal/Demo/Scenes/Combined Scene/Walls/Combined Standard Mesh_MetallicGlossMap.png
  artifactKey: Guid(ab45b80104c576a4dae529ba79b63e88) Importer(815301076,1909f56bfc062723c751e8b465ee728b)
Start importing Assets/ArtRes/BulletEff/MagicArsenal/Demo/Scenes/Combined Scene/Walls/Combined Standard Mesh_MetallicGlossMap.png using Guid(ab45b80104c576a4dae529ba79b63e88) Importer(815301076,1909f56bfc062723c751e8b465ee728b) [PhysX] Initialized MultithreadedTaskDispatcher with 14 workers.
[PhysX] Initialized MultithreadedTaskDispatcher with 14 workers.
 -> (artifact id: '63843262d2bee5b14fdba9e36ba40f77') in 0.024888 seconds
Number of updated asset objects reloaded before import = 0
Number of asset objects unloaded after import = 2
========================================================================
Received Prepare
The Editor does not support 32-bit plugins. Assets/NGUI/Editor/x86/FreeType.dylib will not be available.
Refreshing native plugins compatible for Editor in 3.14 ms, found 4 plugins.
Preloading 0 native plugins for Editor in 0.00 ms.
Unloading 0 Unused Serialized files (Serialized files now loaded: 0)
Unloading 1 unused Assets / (0.9 KB). Loaded Objects now: 4062.
Memory consumption went from 81.7 MB to 81.7 MB.
Total: 2.763800 ms (FindLiveObjects: 0.209400 ms CreateObjectMapping: 0.056200 ms MarkObjects: 2.466500 ms  DeleteObjects: 0.030800 ms)

Prepare: number of updated asset objects reloaded= 0
AssetImportParameters requested are different than current active one (requested -> active):
  custom:container-demuxer-ogg: 62fdf1f143b41e24485cea50d1cbac27 -> 
  custom:video-codec-MediaFoundation-h265: 746d11721c4dcdbdad8f713fa42b33f4 -> 
  custom:video-decoder-ogg-theora: a1e56fd34408186e4bbccfd4996cb3dc -> 
  custom:framework-win-MediaFoundation: 216162199b28c13a410421893ffa2e32 -> 
  custom:CustomObjectIndexerAttribute: 9a22284fe3817be447336de3de66b15e -> 
  custom:container-demuxer-webm: 4f35f7cbe854078d1ac9338744f61a02 -> 
  custom:container-muxer-webm: aa71ff27fc2769a1b78a27578f13a17b -> 
  custom:video-decoder-webm-vp8: 9c59270c3fd7afecdb556c50c9e8de78 -> 
  custom:SearchIndexIgnoredProperties: e643bd26f0fe6173181afceb89e7c659 -> 
  custom:AudioImporter_EditorPlatform: d09bf68614088b80899f8185d706f6e7 -> 
  custom:video-encoder-webm-vp8: eb34c28f22e8b96e1ab97ce403110664 -> 
  custom:audio-decoder-ogg-vorbis: bf7c407c2cedff20999df2af8eb42d56 -> 
  custom:audio-encoder-webm-vorbis: bf7c407c2cedff20999df2af8eb42d56 -> 
